New log file opened at Thu Mar 02 13:58:37 EAT 2017 by 4316@codepc
Sending msg to client play-fork-run-0f891005-523c-4e0f-99d1-4af397bf6b6b: DetachedLogEvent(LogMessage(debug,sbt server socket logs are in: /home/codephillip/IdeaProjects/bomboka_platform/.sbtserver/connections/master.log))
Sending msg to client play-fork-run-0f891005-523c-4e0f-99d1-4af397bf6b6b: DetachedLogEvent(LogMessage(debug,sbt general server logs are in: /home/codephillip/IdeaProjects/bomboka_platform/.sbtserver/master.log))
Sending msg to client play-fork-run-0f891005-523c-4e0f-99d1-4af397bf6b6b: DetachedLogEvent(LogMessage(debug,sbt client logs are in: /home/codephillip/IdeaProjects/bomboka_platform/.sbtserver/connections/play-fork-run-0f891005-523c-4e0f-99d1-4af397bf6b6b.log))
Reading next message from client.
Got request: DaemonRequest(true)
Reading next message from client.
Sending msg to client play-fork-run-0f891005-523c-4e0f-99d1-4af397bf6b6b: (3,ReceivedResponse())
Got request: ListenToEvents()
Reading next message from client.
Sending msg to client play-fork-run-0f891005-523c-4e0f-99d1-4af397bf6b6b: (4,ReceivedResponse())
Got request: KeyLookupRequest(test/playForkConfig)
Reading next message from client.
Sending msg to client play-fork-run-0f891005-523c-4e0f-99d1-4af397bf6b6b: (5,KeyLookupResponse(test/playForkConfig,Vector()))
Got request: UnlistenToEvents()
Reading next message from client.
Sending msg to client play-fork-run-0f891005-523c-4e0f-99d1-4af397bf6b6b: (6,ReceivedResponse())
Client play-fork-run-0f891005-523c-4e0f-99d1-4af397bf6b6b EOF, shutting down.
Stopping client.
Client play-fork-run-0f891005-523c-4e0f-99d1-4af397bf6b6b thread exiting.
Dropping message (0,ReceivedResponse()) to dead client play-fork-run-0f891005-523c-4e0f-99d1-4af397bf6b6b
